2020-05-11 11:16:52,724 - src.Ocr.Ocr - INFO - Calling create_folder(cls, folder)
2020-05-11 11:16:52,724 - src.Ocr.Ocr - INFO - Done with create_folder(cls, folder)
2020-05-11 11:16:52,725 - src.Ocr.Ocr - INFO - Calling  nb_jpg_in_folder(cls, folder)
2020-05-11 11:16:52,725 - src.Ocr.Ocr - INFO - Done with  nb_jpg_in_folder(cls, folder)
2020-05-11 11:16:52,726 - src.Ocr.Ocr - INFO - Calling   ocr_image(cls, img)
2020-05-11 11:16:53,014 - src.Ocr.Ocr - ERROR - ocr_image failed, file : C:\Users\vsiyou-fotso\codes\juradinfo-ia-data\testData\input\images/Bonjour-0.jpg
2020-05-11 11:16:53,018 - src.Ocr.Ocr - INFO - Calling  ocr_pdf_image(cls, folder_of_pdf, filename)
2020-05-11 11:16:53,018 - src.Ocr.Ocr - INFO - Calling  pdf2images(cls, filename, folder_of_pdf, folder_of_images)
2020-05-11 11:16:53,019 - src.Ocr.Ocr - INFO - Calling create_folder(cls, folder)
2020-05-11 11:16:53,019 - src.Ocr.Ocr - INFO - Done with create_folder(cls, folder)
2020-05-11 11:16:54,755 - src.Ocr.Ocr - INFO - Done with  pdf2images(cls, filename, folder_of_pdf, folder_of_images)
2020-05-11 11:16:54,763 - src.Ocr.Ocr - INFO - Calling  nb_jpg_in_folder(cls, folder)
2020-05-11 11:16:54,763 - src.Ocr.Ocr - INFO - Done with  nb_jpg_in_folder(cls, folder)
2020-05-11 11:16:54,763 - src.Ocr.Ocr - INFO - Calling   ocr_image(cls, img)
2020-05-11 11:16:55,018 - src.Ocr.Ocr - ERROR - ocr_image failed, file : C:\Users\vsiyou-fotso\codes\juradinfo-ia-data\testData\output/pdf_texte_0/pdf_texte_0-0.jpg
2020-05-11 11:16:55,018 - src.Ocr.Ocr - ERROR - ocr_pdf_image failed, file : pdf_texte_0.pdf
2020-05-11 11:16:55,020 - src.Ocr.Ocr - INFO - Calling  pdf2images(cls, filename, folder_of_pdf, folder_of_images)
2020-05-11 11:16:55,021 - src.Ocr.Ocr - INFO - Calling create_folder(cls, folder)
2020-05-11 11:16:55,021 - src.Ocr.Ocr - INFO - Done with create_folder(cls, folder)
2020-05-11 11:16:56,610 - src.Ocr.Ocr - INFO - Done with  pdf2images(cls, filename, folder_of_pdf, folder_of_images)
2020-05-11 11:20:38,943 - src.Ocr.Ocr - INFO - Calling create_folder(cls, folder)
2020-05-11 11:20:38,943 - src.Ocr.Ocr - INFO - Done with create_folder(cls, folder)
2020-05-11 11:20:38,943 - src.Ocr.Ocr - INFO - Calling  nb_jpg_in_folder(cls, folder)
2020-05-11 11:20:38,944 - src.Ocr.Ocr - INFO - Done with  nb_jpg_in_folder(cls, folder)
2020-05-11 11:20:38,944 - src.Ocr.Ocr - INFO - Calling   ocr_image(cls, img)
2020-05-11 11:20:39,880 - src.Ocr.Ocr - INFO - Done with   ocr_image(cls, img)
2020-05-11 11:20:39,881 - src.Ocr.Ocr - INFO - Calling  ocr_pdf_image(cls, folder_of_pdf, filename)
2020-05-11 11:20:39,881 - src.Ocr.Ocr - INFO - Calling  pdf2images(cls, filename, folder_of_pdf, folder_of_images)
2020-05-11 11:20:39,881 - src.Ocr.Ocr - INFO - Calling create_folder(cls, folder)
2020-05-11 11:20:39,882 - src.Ocr.Ocr - INFO - Done with create_folder(cls, folder)
2020-05-11 11:20:41,524 - src.Ocr.Ocr - INFO - Done with  pdf2images(cls, filename, folder_of_pdf, folder_of_images)
2020-05-11 11:20:41,532 - src.Ocr.Ocr - INFO - Calling  nb_jpg_in_folder(cls, folder)
2020-05-11 11:20:41,532 - src.Ocr.Ocr - INFO - Done with  nb_jpg_in_folder(cls, folder)
2020-05-11 11:20:41,532 - src.Ocr.Ocr - INFO - Calling   ocr_image(cls, img)
2020-05-11 11:20:42,281 - src.Ocr.Ocr - INFO - Done with   ocr_image(cls, img)
2020-05-11 11:20:42,281 - src.Ocr.Ocr - INFO - Calling   ocr_image(cls, img)
2020-05-11 11:20:43,042 - src.Ocr.Ocr - INFO - Done with   ocr_image(cls, img)
2020-05-11 11:20:43,042 - src.Ocr.Ocr - INFO - Done with  ocr_pdf_image(cls, folder_of_pdf, filename)
2020-05-11 11:20:43,042 - src.Ocr.Ocr - INFO - Calling  ocr_pdf_image(cls, folder_of_pdf, filename)
2020-05-11 11:20:43,042 - src.Ocr.Ocr - INFO - Calling  pdf2images(cls, filename, folder_of_pdf, folder_of_images)
2020-05-11 11:20:43,042 - src.Ocr.Ocr - INFO - Calling create_folder(cls, folder)
2020-05-11 11:20:43,043 - src.Ocr.Ocr - INFO - Done with create_folder(cls, folder)
2020-05-11 11:20:44,647 - src.Ocr.Ocr - INFO - Done with  pdf2images(cls, filename, folder_of_pdf, folder_of_images)
2020-05-11 11:20:44,654 - src.Ocr.Ocr - INFO - Calling  nb_jpg_in_folder(cls, folder)
2020-05-11 11:20:44,654 - src.Ocr.Ocr - INFO - Done with  nb_jpg_in_folder(cls, folder)
2020-05-11 11:20:44,654 - src.Ocr.Ocr - INFO - Calling   ocr_image(cls, img)
2020-05-11 11:20:45,441 - src.Ocr.Ocr - INFO - Done with   ocr_image(cls, img)
2020-05-11 11:20:45,442 - src.Ocr.Ocr - INFO - Calling   ocr_image(cls, img)
2020-05-11 11:20:46,285 - src.Ocr.Ocr - INFO - Done with   ocr_image(cls, img)
2020-05-11 11:20:46,285 - src.Ocr.Ocr - INFO - Done with  ocr_pdf_image(cls, folder_of_pdf, filename)
2020-05-11 11:20:46,285 - src.Ocr.Ocr - INFO - Calling  pdf2images(cls, filename, folder_of_pdf, folder_of_images)
2020-05-11 11:20:46,285 - src.Ocr.Ocr - INFO - Calling create_folder(cls, folder)
2020-05-11 11:20:46,285 - src.Ocr.Ocr - INFO - Done with create_folder(cls, folder)
2020-05-11 11:20:47,872 - src.Ocr.Ocr - INFO - Done with  pdf2images(cls, filename, folder_of_pdf, folder_of_images)
